… # emerge --info '=sys-devel/llvm-13.0.0::gentoo'
Portage 3.0.30 (python 3.9.9-final-0, default/linux/amd64/17.1/desktop/plasma, gcc-11.2.0, glibc-2.33-r7, 5.10.60.1-microsoft-standard-WSL2 x86_64)
=================================================================
                         System Settings
=================================================================
System uname: Linux-5.10.60.1-microsoft-standard-WSL2-x86_64-Intel-R-_Core-TM-_i9-9880H_CPU_@_2.30GHz-with-glibc2.33
KiB Mem:     6365996 total,   4277112 free
KiB Swap:    2097152 total,   2030300 free
Timestamp of repository gentoo: Mon, 28 Feb 2022 20:30:01 +0000
Head commit of repository gentoo: 0baf298926214c7b14f47b6fd34c45ea0d5077d6
sh bash 5.1_p16
ld GNU ld (Gentoo 2.37_p1 p2) 2.37
app-misc/pax-utils:        1.3.3::gentoo
app-shells/bash:           5.1_p16::gentoo
dev-lang/perl:             5.34.0-r6::gentoo
dev-lang/python:           3.9.9-r1::gentoo, 3.10.0_p1-r1::gentoo
dev-lang/rust-bin:         1.58.1::gentoo
dev-util/cmake:            3.22.2::gentoo
dev-util/meson:            0.60.3::gentoo
sys-apps/baselayout:       2.7-r3::gentoo
sys-apps/openrc:           0.44.10::gentoo
sys-apps/sandbox:          2.25::gentoo
sys-devel/autoconf:        2.13-r1::gentoo, 2.71-r1::gentoo
sys-devel/automake:        1.16.4::gentoo
sys-devel/binutils:        2.37_p1-r2::gentoo
sys-devel/binutils-config: 5.4::gentoo
sys-devel/clang:           13.0.0::gentoo
sys-devel/gcc:             11.2.0::gentoo
sys-devel/gcc-config:      2.5-r1::gentoo
sys-devel/libtool:         2.4.6-r6::gentoo
sys-devel/lld:             13.0.0::gentoo
sys-devel/llvm:            13.0.0::gentoo
sys-devel/make:            4.3::gentoo
sys-kernel/linux-headers:  5.15-r3::gentoo (virtual/os-headers)
sys-libs/glibc:            2.33-r7::gentoo
Repositories:

gentoo
    location: /var/db/repos/gentoo
    sync-type: rsync
    sync-uri: rsync://rsync.gentoo.org/gentoo-portage
    priority: -1000
    sync-rsync-extra-opts: 
    sync-rsync-verify-metamanifest: yes
    sync-rsync-verify-jobs: 1
    sync-rsync-verify-max-age: 24

ACCEPT_KEYWORDS="amd64"
ACCEPT_LICENSE="@FREE"
CBUILD="x86_64-pc-linux-gnu"
CFLAGS="-march=native -mtune=native -O2 -pipe"
CHOST="x86_64-pc-linux-gnu"
CONFIG_PROTECT="/etc /usr/share/config /usr/share/gnupg/qualified.txt"
CONFIG_PROTECT_MASK="/etc/ca-certificates.conf /etc/dconf /etc/env.d /etc/fonts/fonts.conf /etc/gconf /etc/gentoo-release /etc/sandbox.d /etc/terminfo"
CXXFLAGS="-march=native -mtune=native -O2 -pipe"
DISTDIR="/var/cache/distfiles"
ENV_UNSET="CARGO_HOME DBUS_SESSION_BUS_ADDRESS DISPLAY GOBIN GOPATH PERL5LIB PERL5OPT PERLPREFIX PERL_CORE PERL_MB_OPT PERL_MM_OPT XAUTHORITY XDG_CACHE_HOME XDG_CONFIG_HOME XDG_DATA_HOME XDG_RUNTIME_DIR"
FCFLAGS="-march=native -mtune=native -O2 -pipe"
FEATURES="assume-digests binpkg-docompress binpkg-dostrip binpkg-logs buildpkg-live config-protect-if-modified distlocks ebuild-locks fixlafiles ipc-sandbox merge-sync multilib-strict network-sandbox news parallel-fetch pid-sandbox preserve-libs protect-owned qa-unresolved-soname-deps sandbox sfperms strict unknown-features-warn unmerge-logs unmerge-orphans userfetch userpriv usersandbox usersync xattr"
FFLAGS="-march=native -mtune=native -O2 -pipe"
GENTOO_MIRRORS="http://distfiles.gentoo.org"
LANG="en_US.utf8"
LDFLAGS="-Wl,-O1 -Wl,--as-needed"
MAKEOPTS="-j4"
PKGDIR="/var/cache/binpkgs"
PORTAGE_CONFIGROOT="/"
PORTAGE_RSYNC_OPTS="--recursive --links --safe-links --perms --times --omit-dir-times --compress --force --whole-file --delete --stats --human-readable --timeout=180 --exclude=/distfiles --exclude=/local --exclude=/packages --exclude=/.git"
PORTAGE_TMPDIR="/var/tmp"
SHELL="/bin/bash"
USE="X a52 aac acl acpi activities alsa amd64 bluetooth branding bzip2 cairo cdda cdr clang cli crypt cups dbus declarative dri dts dvd dvdr elogind encode exif flac fortran gdbm gif gpm gtk gui iconv icu ipv6 jpeg kde kwallet lcms libglvnd libnotify libtirpc mad mng mp3 mp4 mpeg multilib ncurses nls nptl ogg opengl openmp pam pango pcre pdf plasma png policykit ppds qml qt5 readline sdl seccomp semantic-desktop spell split-usr ssl startup-notification svg tiff truetype udev udisks unicode upower usb vorbis widgets wxwidgets x264 xattr xcb xml xv xvid zlib" ABI_X86="64" ADA_TARGET="gnat_2020" APACHE2_MODULES="authn_core authz_core socache_shmcb unixd actions alias auth_basic authn_alias authn_anon authn_dbm authn_default authn_file authz_dbm authz_default authz_groupfile authz_host authz_owner authz_user autoindex cache cgi cgid dav dav_fs dav_lock deflate dir disk_cache env expires ext_filter file_cache filter headers include info log_config logio mem_cache mime mime_magic negotiation rewrite setenvif speling status unique_id userdir usertrack vhost_alias" CALLIGRA_FEATURES="karbon sheets words" COLLECTD_PLUGINS="df interface irq load memory rrdtool swap syslog" CPU_FLAGS_X86="mmx mmxext sse sse2" ELIBC="glibc" GPSD_PROTOCOLS="ashtech aivdm earthmate evermore fv18 garmin garmintxt gpsclock greis isync itrax mtk3301 nmea ntrip navcom oceanserver oldstyle oncore rtcm104v2 rtcm104v3 sirf skytraq superstar2 timing tsip tripmate tnt ublox ubx" INPUT_DEVICES="libinput" KERNEL="linux" LCD_DEVICES="bayrad cfontz cfontz633 glk hd44780 lb216 lcdm001 mtxorb ncurses text" LIBREOFFICE_EXTENSIONS="presenter-console presenter-minimizer" LUA_SINGLE_TARGET="lua5-1" LUA_TARGETS="lua5-1" OFFICE_IMPLEMENTATION="libreoffice" PHP_TARGETS="php7-4 php8-0" POSTGRES_TARGETS="postgres12 postgres13" PYTHON_SINGLE_TARGET="python3_9" PYTHON_TARGETS="python3_9" RUBY_TARGETS="ruby26 ruby27" USERLAND="GNU" VIDEO_CARDS="amdgpu fbdev intel nouveau radeon radeonsi vesa dummy v4l" XTABLES_ADDONS="quota2 psd pknock lscan length2 ipv4options ipset ipp2p iface geoip fuzzy condition tee tarpit sysrq proto steal rawnat logmark ipmark dhcpmac delude chaos account"
Unset:  ADDR2LINE, AR, ARFLAGS, AS, ASFLAGS, CC, CCLD, CONFIG_SHELL, CPP, CPPFLAGS, CTARGET, CXX, CXXFILT, ELFEDIT, EMERGE_DEFAULT_OPTS, EXTRA_ECONF, F77FLAGS, FC, GCOV, GPROF, INSTALL_MASK, LC_ALL, LD, LEX, LFLAGS, LIBTOOL, LINGUAS, MAKE, MAKEFLAGS, NM, OBJCOPY, OBJDUMP, PORTAGE_BINHOST, PORTAGE_BUNZIP2_COMMAND, PORTAGE_COMPRESS, PORTAGE_COMPRESS_FLAGS, PORTAGE_RSYNC_EXTRA_OPTS, RANLIB, READELF, RUSTFLAGS, SIZE, STRINGS, STRIP, YACC, YFLAGS

=================================================================
                        Package Settings
=================================================================

sys-devel/llvm-13.0.0::gentoo was built with the following:
USE="gold libffi ncurses xml -debug -doc -exegesis -libedit -test -xar -z3" ABI_X86="(64) -32 (-x32)" LLVM_TARGETS="AMDGPU BPF NVPTX (X86) -AArch64 (-ARC) -ARM -AVR (-CSKY) -Hexagon -Lanai (-M68k) -MSP430 -Mips -PowerPC -RISCV -Sparc -SystemZ (-VE) -WebAssembly -XCore"
FEATURES="binpkg-dostrip merge-sync sandbox pid-sandbox assume-digests fixlafiles network-sandbox strict ebuild-locks buildpkg-live multilib-strict parallel-fetch news ipc-sandbox binpkg-docompress xattr unmerge-orphans usersandbox sfperms usersync userpriv userfetch binpkg-logs protect-owned distlocks config-protect-if-modified unmerge-logs unknown-features-warn preserve-libs qa-unresolved-soname-deps"

