 [32m*[0m abi_x86_64.amd64: running multilib-minimal_abi_src_configure
 [32m*[0m Source directory (CMAKE_USE_DIR): "/var/tmp/portage/sys-devel/llvm-13.0.0/work/llvm"
 [32m*[0m Build directory  (BUILD_DIR):     "/var/tmp/portage/sys-devel/llvm-13.0.0/work/llvm-13.0.0_build-abi_x86_64.amd64"
cmake -C /var/tmp/portage/sys-devel/llvm-13.0.0/work/llvm-13.0.0_build-abi_x86_64.amd64/gentoo_common_config.cmake -G Ninja -DCMAKE_INSTALL_PREFIX=/usr -DLLVM_APPEND_VC_REV=OFF -DCMAKE_INSTALL_PREFIX=/usr/lib/llvm/13 -DLLVM_LIBDIR_SUFFIX=64 -DBUILD_SHARED_LIBS=OFF -DLLVM_BUILD_LLVM_DYLIB=ON -DLLVM_LINK_LLVM_DYLIB=ON -DLLVM_DISTRIBUTION_COMPONENTS=LLVM;LTO;Remarks;llvm-config;cmake-exports;llvm-headers;LLVMDemangle;LLVMSupport;LLVMTableGen;llvm-tblgen;FileCheck;llvm-PerfectShuffle;count;not;yaml-bench;bugpoint;dsymutil;llc;lli;lli-child-target;llvm-addr2line;llvm-ar;llvm-as;llvm-bcanalyzer;llvm-bitcode-strip;llvm-c-test;llvm-cat;llvm-cfi-verify;llvm-config;llvm-cov;llvm-cvtres;llvm-cxxdump;llvm-cxxfilt;llvm-cxxmap;llvm-diff;llvm-dis;llvm-dlltool;llvm-dwarfdump;llvm-dwp;llvm-exegesis;llvm-extract;llvm-gsymutil;llvm-ifs;llvm-install-name-tool;llvm-jitlink;llvm-jitlink-executor;llvm-lib;llvm-libtool-darwin;llvm-link;llvm-lipo;llvm-lto;llvm-lto2;llvm-mc;llvm-mca;llvm-ml;llvm-modextract;llvm-mt;llvm-nm;llvm-objcopy;llvm-objdump;llvm-opt-report;llvm-otool;llvm-pdbutil;llvm-profdata;llvm-profgen;llvm-ranlib;llvm-rc;llvm-readelf;llvm-readobj;llvm-reduce;llvm-rtdyld;llvm-sim;llvm-size;llvm-split;llvm-stress;llvm-strings;llvm-strip;llvm-symbolizer;llvm-tapi-diff;llvm-undname;llvm-windres;llvm-xray;obj2yaml;opt;sancov;sanstats;split-file;verify-uselistorder;yaml2obj;opt-viewer;LLVMgold; -DLLVM_TARGETS_TO_BUILD= -DLLVM_EXPERIMENTAL_TARGETS_TO_BUILD=NVPTX;X86;BPF;AMDGPU -DLLVM_BUILD_TESTS=no -DLLVM_ENABLE_FFI=yes -DLLVM_ENABLE_LIBEDIT=no -DLLVM_ENABLE_TERMINFO=yes -DLLVM_ENABLE_LIBXML2=yes -DLLVM_ENABLE_ASSERTIONS=no -DLLVM_ENABLE_LIBPFM=no -DLLVM_ENABLE_EH=ON -DLLVM_ENABLE_RTTI=ON -DLLVM_ENABLE_Z3_SOLVER=no -DLLVM_HOST_TRIPLE=x86_64-pc-linux-gnu -DFFI_INCLUDE_DIR=/usr/lib64/libffi/include  -DFFI_LIBRARY_DIR= -DLLVM_HAVE_LIBXAR=0 -DPython3_EXECUTABLE=/usr/bin/python3.10 -DOCAMLFIND=NO -DGO_EXECUTABLE=GO_EXECUTABLE-NOTFOUND -DLLVM_BUILD_DOCS=OFF -DLLVM_ENABLE_OCAMLDOC=OFF -DLLVM_ENABLE_SPHINX=OFF -DLLVM_ENABLE_DOXYGEN=OFF -DLLVM_INSTALL_UTILS=ON -DLLVM_BINUTILS_INCDIR=/usr/include -DCMAKE_BUILD_TYPE=RelWithDebInfo -DCMAKE_TOOLCHAIN_FILE=/var/tmp/portage/sys-devel/llvm-13.0.0/work/llvm-13.0.0_build-abi_x86_64.amd64/gentoo_toolchain.cmake /var/tmp/portage/sys-devel/llvm-13.0.0/work/llvm
loading initial cache file /var/tmp/portage/sys-devel/llvm-13.0.0/work/llvm-13.0.0_build-abi_x86_64.amd64/gentoo_common_config.cmake
-- The C compiler identification is Clang 13.0.0
-- The CXX compiler identification is Clang 13.0.0
-- The ASM compiler identification is Clang with GNU-like command-line
-- Found assembler: /usr/lib/llvm/13/bin/clang
-- Detecting C compiler ABI info
-- Detecting C compiler ABI info - failed
-- Check for working C compiler: /usr/lib/llvm/13/bin/clang
-- Check for working C compiler: /usr/lib/llvm/13/bin/clang - broken
CMake Error at /usr/share/cmake/Modules/CMakeTestCCompiler.cmake:69 (message):
  The C compiler

    "/usr/lib/llvm/13/bin/clang"

  is not able to compile a simple test program.

  It fails with the following output:

    Change Dir: /var/tmp/portage/sys-devel/llvm-13.0.0/work/llvm-13.0.0_build-abi_x86_64.amd64/CMakeFiles/CMakeTmp
    
    Run Build Command(s):/usr/bin/ninja cmTC_9e0cc && [1/2] Building C object CMakeFiles/cmTC_9e0cc.dir/testCCompiler.c.o
    [2/2] Linking C executable cmTC_9e0cc
    FAILED: cmTC_9e0cc 
    : && /usr/lib/llvm/13/bin/clang -march=native -mtune=native -O2 -pipe -Wl,-O1 -Wl,--as-needed -fuse-ld=lld -rtlib=compiler-rt -unwindlib=llvm-libunwind -Wl,--as-needed -Wl,-z,relro,-z,now CMakeFiles/cmTC_9e0cc.dir/testCCompiler.c.o -o cmTC_9e0cc   && :
    clang-13: error: invalid unwind library name in argument '-unwindlib=llvm-libunwind'
    ninja: build stopped: subcommand failed.
    
    

  

  CMake will not be able to correctly generate this project.
Call Stack (most recent call first):
  CMakeLists.txt:44 (project)


-- Configuring incomplete, errors occurred!
See also "/var/tmp/portage/sys-devel/llvm-13.0.0/work/llvm-13.0.0_build-abi_x86_64.amd64/CMakeFiles/CMakeOutput.log".
See also "/var/tmp/portage/sys-devel/llvm-13.0.0/work/llvm-13.0.0_build-abi_x86_64.amd64/CMakeFiles/CMakeError.log".
 [31;01m*[0m ERROR: sys-devel/llvm-13.0.0::gentoo failed (configure phase):
 [31;01m*[0m   cmake failed
 [31;01m*[0m 
 [31;01m*[0m Call stack:
 [31;01m*[0m     ebuild.sh, line  127:  Called src_configure
 [31;01m*[0m   environment, line 3910:  Called multilib-minimal_src_configure
 [31;01m*[0m   environment, line 2698:  Called multilib_foreach_abi 'multilib-minimal_abi_src_configure'
 [31;01m*[0m   environment, line 2948:  Called multibuild_foreach_variant '_multilib_multibuild_wrapper' 'multilib-minimal_abi_src_configure'
 [31;01m*[0m   environment, line 2653:  Called _multibuild_run '_multilib_multibuild_wrapper' 'multilib-minimal_abi_src_configure'
 [31;01m*[0m   environment, line 2651:  Called _multilib_multibuild_wrapper 'multilib-minimal_abi_src_configure'
 [31;01m*[0m   environment, line  585:  Called multilib-minimal_abi_src_configure
 [31;01m*[0m   environment, line 2692:  Called multilib_src_configure
 [31;01m*[0m   environment, line 3204:  Called cmake_src_configure
 [31;01m*[0m   environment, line 1549:  Called die
 [31;01m*[0m The specific snippet of code:
 [31;01m*[0m       "${CMAKE_BINARY}" "${cmakeargs[@]}" "${CMAKE_USE_DIR}" || die "cmake failed";
 [31;01m*[0m 
 [31;01m*[0m If you need support, post the output of `emerge --info '=sys-devel/llvm-13.0.0::gentoo'`,
 [31;01m*[0m the complete build log and the output of `emerge -pqv '=sys-devel/llvm-13.0.0::gentoo'`.
 [31;01m*[0m The complete build log is located at '/var/tmp/portage/sys-devel/llvm-13.0.0/temp/build.log'.
 [31;01m*[0m The ebuild environment file is located at '/var/tmp/portage/sys-devel/llvm-13.0.0/temp/environment'.
 [31;01m*[0m Working directory: '/var/tmp/portage/sys-devel/llvm-13.0.0/work/llvm-13.0.0_build-abi_x86_64.amd64'
 [31;01m*[0m S: '/var/tmp/portage/sys-devel/llvm-13.0.0/work/llvm'
